[2024/04/29 18:31:34]: §9          __             _       
[2024/04/29 18:31:34]: §9  _ __   / /  ___   __ _(_)_ __  
[2024/04/29 18:31:34]: §9 | '_ \ / /  / _ \ / _` | | '_ \ 
[2024/04/29 18:31:34]: §9 | | | / /__| (_) | (_| | | | | |
[2024/04/29 18:31:34]: §9 |_| |_\____/\___/ \__, |_|_| |_|
[2024/04/29 18:31:34]: §9                  |___/            
[2024/04/29 18:31:34]: §9 By: www.nickuc.com - V 10.3.13 DEVELOPMENT
[2024/04/29 18:31:34]: §9 
[2024/04/29 18:31:35]: §3[nLogin] [DEBUG] The config.yml file was created successfully.
[2024/04/29 18:31:35]: §3[nLogin] [DEBUG] All settings were loaded in 883 ms.
[2024/04/29 18:31:36]: §3[nLogin] [DEBUG] Loading the messages_en.yml message file...
[2024/04/29 18:31:36]: §3[nLogin] [DEBUG] All plugin messages were loaded in 112 ms (languageByClient=false).
[2024/04/29 18:31:36]: §3[nLogin] [DEBUG] All proxy settings were loaded in 1 ms.
[2024/04/29 18:31:36]: §3[nLogin] [DEBUG] Loading database...
[2024/04/29 18:31:36]: [nLogin] Generating RSA keypair... (this may take a while)
[2024/04/29 18:31:37]: [nLogin] The RSA key pair was successfully generated. Took 1.17s
[2024/04/29 18:31:37]: §3[nLogin] [DEBUG] Starting logger filter...
[2024/04/29 18:31:37]: [nLogin] Starting the OpeNLogin conversion...
[2024/04/29 18:31:37]: §e[nLogin] [WARN] Initializing the OpeNLogin conversion
[2024/04/29 18:31:37]: §e[nLogin] [WARN] Please do not shut down your server.
[2024/04/29 18:31:37]: [nLogin] OpeNLogin data has been successfully converted.
[2024/04/29 18:31:37]: [nLogin] No users have been converted ~ 0.07s
[2024/04/29 18:31:37]: [nLogin] Downloading ProtocolLib...
[2024/04/29 18:31:37]: [nLogin] *-----------------------------------------------*
[2024/04/29 18:31:37]: [nLogin]   ProtocolLib has been successfully downloaded.
[2024/04/29 18:31:37]: [nLogin]   Restarting server to apply changes...
[2024/04/29 18:31:37]: [nLogin] *-----------------------------------------------*
[2024/04/29 18:31:50]: [nLogin] Successful plugin core shutdown (took 0.00s)
